{"C:\\Users\\Hamza\\VS\\SR10\\RecruitSR10\\myapp\\model\\Utilisateur.js": {"path":"C:\\Users\\Hamza\\VS\\SR10\\RecruitSR10\\myapp\\model\\Utilisateur.js","statementMap":{"0":{"start":{"line":1,"column":11},"end":{"line":1,"column":39}},"1":{"start":{"line":3,"column":0},"end":{"line":65,"column":1}},"2":{"start":{"line":5,"column":8},"end":{"line":9,"column":11}},"3":{"start":{"line":7,"column":12},"end":{"line":7,"column":31}},"4":{"start":{"line":7,"column":21},"end":{"line":7,"column":31}},"5":{"start":{"line":8,"column":12},"end":{"line":8,"column":30}},"6":{"start":{"line":13,"column":8},"end":{"line":16,"column":11}},"7":{"start":{"line":14,"column":12},"end":{"line":14,"column":31}},"8":{"start":{"line":14,"column":21},"end":{"line":14,"column":31}},"9":{"start":{"line":15,"column":12},"end":{"line":15,"column":30}},"10":{"start":{"line":19,"column":8},"end":{"line":19,"column":54}},"11":{"start":{"line":20,"column":8},"end":{"line":28,"column":11}},"12":{"start":{"line":21,"column":12},"end":{"line":21,"column":31}},"13":{"start":{"line":21,"column":21},"end":{"line":21,"column":31}},"14":{"start":{"line":22,"column":12},"end":{"line":27,"column":13}},"15":{"start":{"line":23,"column":16},"end":{"line":23,"column":30}},"16":{"start":{"line":26,"column":16},"end":{"line":26,"column":32}},"17":{"start":{"line":32,"column":18},"end":{"line":32,"column":126}},"18":{"start":{"line":33,"column":8},"end":{"line":36,"column":11}},"19":{"start":{"line":34,"column":12},"end":{"line":34,"column":31}},"20":{"start":{"line":34,"column":21},"end":{"line":34,"column":31}},"21":{"start":{"line":35,"column":12},"end":{"line":35,"column":46}},"22":{"start":{"line":40,"column":20},"end":{"line":40,"column":170}},"23":{"start":{"line":41,"column":98},"end":{"line":41,"column":107}},"24":{"start":{"line":42,"column":8},"end":{"line":48,"column":11}},"25":{"start":{"line":43,"column":12},"end":{"line":47,"column":13}},"26":{"start":{"line":44,"column":16},"end":{"line":44,"column":37}},"27":{"start":{"line":46,"column":16},"end":{"line":46,"column":56}},"28":{"start":{"line":52,"column":20},"end":{"line":52,"column":61}},"29":{"start":{"line":53,"column":8},"end":{"line":59,"column":11}},"30":{"start":{"line":54,"column":12},"end":{"line":58,"column":13}},"31":{"start":{"line":55,"column":16},"end":{"line":55,"column":37}},"32":{"start":{"line":57,"column":16},"end":{"line":57,"column":56}}},"fnMap":{"0":{"name":"(anonymous_0)","decl":{"start":{"line":4,"column":10},"end":{"line":4,"column":11}},"loc":{"start":{"line":4,"column":37},"end":{"line":10,"column":5}},"line":4},"1":{"name":"(anonymous_1)","decl":{"start":{"line":5,"column":67},"end":{"line":5,"column":68}},"loc":{"start":{"line":6,"column":24},"end":{"line":9,"column":9}},"line":6},"2":{"name":"(anonymous_2)","decl":{"start":{"line":12,"column":13},"end":{"line":12,"column":14}},"loc":{"start":{"line":12,"column":33},"end":{"line":17,"column":5}},"line":12},"3":{"name":"(anonymous_3)","decl":{"start":{"line":13,"column":46},"end":{"line":13,"column":47}},"loc":{"start":{"line":13,"column":70},"end":{"line":16,"column":9}},"line":13},"4":{"name":"(anonymous_4)","decl":{"start":{"line":18,"column":14},"end":{"line":18,"column":15}},"loc":{"start":{"line":18,"column":51},"end":{"line":29,"column":5}},"line":18},"5":{"name":"(anonymous_5)","decl":{"start":{"line":20,"column":36},"end":{"line":20,"column":37}},"loc":{"start":{"line":20,"column":60},"end":{"line":28,"column":9}},"line":20},"6":{"name":"(anonymous_6)","decl":{"start":{"line":31,"column":11},"end":{"line":31,"column":12}},"loc":{"start":{"line":31,"column":107},"end":{"line":37,"column":5}},"line":31},"7":{"name":"(anonymous_7)","decl":{"start":{"line":33,"column":110},"end":{"line":33,"column":111}},"loc":{"start":{"line":33,"column":133},"end":{"line":36,"column":9}},"line":33},"8":{"name":"(anonymous_8)","decl":{"start":{"line":39,"column":16},"end":{"line":39,"column":17}},"loc":{"start":{"line":39,"column":54},"end":{"line":49,"column":5}},"line":39},"9":{"name":"(anonymous_9)","decl":{"start":{"line":42,"column":110},"end":{"line":42,"column":111}},"loc":{"start":{"line":42,"column":133},"end":{"line":48,"column":9}},"line":42},"10":{"name":"(anonymous_10)","decl":{"start":{"line":51,"column":16},"end":{"line":51,"column":17}},"loc":{"start":{"line":51,"column":43},"end":{"line":60,"column":5}},"line":51},"11":{"name":"(anonymous_11)","decl":{"start":{"line":53,"column":31},"end":{"line":53,"column":32}},"loc":{"start":{"line":53,"column":54},"end":{"line":59,"column":9}},"line":53}},"branchMap":{"0":{"loc":{"start":{"line":7,"column":12},"end":{"line":7,"column":31}},"type":"if","locations":[{"start":{"line":7,"column":12},"end":{"line":7,"column":31}},{"start":{},"end":{}}],"line":7},"1":{"loc":{"start":{"line":14,"column":12},"end":{"line":14,"column":31}},"type":"if","locations":[{"start":{"line":14,"column":12},"end":{"line":14,"column":31}},{"start":{},"end":{}}],"line":14},"2":{"loc":{"start":{"line":21,"column":12},"end":{"line":21,"column":31}},"type":"if","locations":[{"start":{"line":21,"column":12},"end":{"line":21,"column":31}},{"start":{},"end":{}}],"line":21},"3":{"loc":{"start":{"line":22,"column":12},"end":{"line":27,"column":13}},"type":"if","locations":[{"start":{"line":22,"column":12},"end":{"line":27,"column":13}},{"start":{"line":25,"column":17},"end":{"line":27,"column":13}}],"line":22},"4":{"loc":{"start":{"line":22,"column":16},"end":{"line":22,"column":60}},"type":"binary-expr","locations":[{"start":{"line":22,"column":16},"end":{"line":22,"column":32}},{"start":{"line":22,"column":36},"end":{"line":22,"column":60}}],"line":22},"5":{"loc":{"start":{"line":34,"column":12},"end":{"line":34,"column":31}},"type":"if","locations":[{"start":{"line":34,"column":12},"end":{"line":34,"column":31}},{"start":{},"end":{}}],"line":34},"6":{"loc":{"start":{"line":43,"column":12},"end":{"line":47,"column":13}},"type":"if","locations":[{"start":{"line":43,"column":12},"end":{"line":47,"column":13}},{"start":{"line":45,"column":19},"end":{"line":47,"column":13}}],"line":43},"7":{"loc":{"start":{"line":54,"column":12},"end":{"line":58,"column":13}},"type":"if","locations":[{"start":{"line":54,"column":12},"end":{"line":58,"column":13}},{"start":{"line":56,"column":19},"end":{"line":58,"column":13}}],"line":54}},"s":{"0":1,"1":1,"2":1,"3":0,"4":0,"5":0,"6":0,"7":0,"8":0,"9":0,"10":0,"11":0,"12":0,"13":0,"14":0,"15":0,"16":0,"17":0,"18":0,"19":0,"20":0,"21":0,"22":0,"23":0,"24":0,"25":0,"26":0,"27":0,"28":0,"29":0,"30":0,"31":0,"32":0},"f":{"0":1,"1":0,"2":0,"3":0,"4":0,"5":0,"6":0,"7":0,"8":0,"9":0,"10":0,"11":0},"b":{"0":[0,0],"1":[0,0],"2":[0,0],"3":[0,0],"4":[0,0],"5":[0,0],"6":[0,0],"7":[0,0]},"_coverageSchema":"1a1c01bbd47fc00a2c39e90264f33305004495a9","hash":"b89f649cedc3aa40d67158643d473300aa6edf52"}
,"C:\\Users\\Hamza\\VS\\SR10\\RecruitSR10\\myapp\\model\\connexion_bd.js": {"path":"C:\\Users\\Hamza\\VS\\SR10\\RecruitSR10\\myapp\\model\\connexion_bd.js","statementMap":{"0":{"start":{"line":1,"column":12},"end":{"line":1,"column":28}},"1":{"start":{"line":2,"column":11},"end":{"line":7,"column":2}},"2":{"start":{"line":8,"column":0},"end":{"line":8,"column":22}}},"fnMap":{},"branchMap":{},"s":{"0":1,"1":1,"2":1},"f":{},"b":{},"_coverageSchema":"1a1c01bbd47fc00a2c39e90264f33305004495a9","hash":"9f8c65161fcd588a98441696502a41e12534bdef"}
}
