{"C:\\Users\\Hamza\\VS\\SR10\\RecruitSR10\\myapp\\model\\Candidature.js": {"path":"C:\\Users\\Hamza\\VS\\SR10\\RecruitSR10\\myapp\\model\\Candidature.js","statementMap":{"0":{"start":{"line":1,"column":11},"end":{"line":1,"column":39}},"1":{"start":{"line":3,"column":0},"end":{"line":102,"column":2}},"2":{"start":{"line":5,"column":4},"end":{"line":8,"column":7}},"3":{"start":{"line":6,"column":6},"end":{"line":6,"column":25}},"4":{"start":{"line":6,"column":15},"end":{"line":6,"column":25}},"5":{"start":{"line":7,"column":6},"end":{"line":7,"column":24}},"6":{"start":{"line":12,"column":4},"end":{"line":15,"column":7}},"7":{"start":{"line":13,"column":6},"end":{"line":13,"column":25}},"8":{"start":{"line":13,"column":15},"end":{"line":13,"column":25}},"9":{"start":{"line":14,"column":6},"end":{"line":14,"column":24}},"10":{"start":{"line":19,"column":14},"end":{"line":19,"column":91}},"11":{"start":{"line":20,"column":4},"end":{"line":23,"column":7}},"12":{"start":{"line":21,"column":6},"end":{"line":21,"column":25}},"13":{"start":{"line":21,"column":15},"end":{"line":21,"column":25}},"14":{"start":{"line":22,"column":6},"end":{"line":22,"column":40}},"15":{"start":{"line":27,"column":14},"end":{"line":27,"column":92}},"16":{"start":{"line":28,"column":4},"end":{"line":31,"column":7}},"17":{"start":{"line":29,"column":6},"end":{"line":29,"column":25}},"18":{"start":{"line":29,"column":15},"end":{"line":29,"column":25}},"19":{"start":{"line":30,"column":6},"end":{"line":30,"column":40}},"20":{"start":{"line":35,"column":14},"end":{"line":35,"column":72}},"21":{"start":{"line":36,"column":4},"end":{"line":39,"column":7}},"22":{"start":{"line":37,"column":6},"end":{"line":37,"column":25}},"23":{"start":{"line":37,"column":15},"end":{"line":37,"column":25}},"24":{"start":{"line":38,"column":6},"end":{"line":38,"column":40}},"25":{"start":{"line":42,"column":16},"end":{"line":48,"column":5}},"26":{"start":{"line":49,"column":4},"end":{"line":55,"column":7}},"27":{"start":{"line":50,"column":6},"end":{"line":53,"column":7}},"28":{"start":{"line":51,"column":8},"end":{"line":51,"column":96}},"29":{"start":{"line":52,"column":8},"end":{"line":52,"column":29}},"30":{"start":{"line":54,"column":6},"end":{"line":54,"column":46}},"31":{"start":{"line":59,"column":4},"end":{"line":62,"column":7}},"32":{"start":{"line":60,"column":6},"end":{"line":60,"column":25}},"33":{"start":{"line":60,"column":15},"end":{"line":60,"column":25}},"34":{"start":{"line":61,"column":6},"end":{"line":61,"column":24}},"35":{"start":{"line":66,"column":4},"end":{"line":69,"column":7}},"36":{"start":{"line":67,"column":6},"end":{"line":67,"column":25}},"37":{"start":{"line":67,"column":15},"end":{"line":67,"column":25}},"38":{"start":{"line":68,"column":6},"end":{"line":68,"column":24}},"39":{"start":{"line":73,"column":4},"end":{"line":76,"column":7}},"40":{"start":{"line":74,"column":6},"end":{"line":74,"column":25}},"41":{"start":{"line":74,"column":15},"end":{"line":74,"column":25}},"42":{"start":{"line":75,"column":6},"end":{"line":75,"column":24}},"43":{"start":{"line":79,"column":14},"end":{"line":79,"column":78}},"44":{"start":{"line":80,"column":4},"end":{"line":83,"column":7}},"45":{"start":{"line":81,"column":6},"end":{"line":81,"column":25}},"46":{"start":{"line":81,"column":15},"end":{"line":81,"column":25}},"47":{"start":{"line":82,"column":6},"end":{"line":82,"column":24}},"48":{"start":{"line":87,"column":4},"end":{"line":90,"column":7}},"49":{"start":{"line":88,"column":6},"end":{"line":88,"column":25}},"50":{"start":{"line":88,"column":15},"end":{"line":88,"column":25}},"51":{"start":{"line":89,"column":6},"end":{"line":89,"column":24}},"52":{"start":{"line":94,"column":4},"end":{"line":100,"column":7}},"53":{"start":{"line":95,"column":8},"end":{"line":97,"column":9}},"54":{"start":{"line":96,"column":12},"end":{"line":96,"column":39}},"55":{"start":{"line":98,"column":26},"end":{"line":98,"column":68}},"56":{"start":{"line":98,"column":48},"end":{"line":98,"column":67}},"57":{"start":{"line":99,"column":8},"end":{"line":99,"column":34}}},"fnMap":{"0":{"name":"(anonymous_0)","decl":{"start":{"line":4,"column":8},"end":{"line":4,"column":9}},"loc":{"start":{"line":4,"column":45},"end":{"line":9,"column":3}},"line":4},"1":{"name":"(anonymous_1)","decl":{"start":{"line":5,"column":94},"end":{"line":5,"column":95}},"loc":{"start":{"line":5,"column":118},"end":{"line":8,"column":5}},"line":5},"2":{"name":"(anonymous_2)","decl":{"start":{"line":11,"column":11},"end":{"line":11,"column":12}},"loc":{"start":{"line":11,"column":31},"end":{"line":16,"column":3}},"line":11},"3":{"name":"(anonymous_3)","decl":{"start":{"line":12,"column":42},"end":{"line":12,"column":43}},"loc":{"start":{"line":12,"column":66},"end":{"line":15,"column":5}},"line":12},"4":{"name":"(anonymous_4)","decl":{"start":{"line":18,"column":10},"end":{"line":18,"column":11}},"loc":{"start":{"line":18,"column":61},"end":{"line":24,"column":3}},"line":18},"5":{"name":"(anonymous_5)","decl":{"start":{"line":20,"column":51},"end":{"line":20,"column":52}},"loc":{"start":{"line":20,"column":74},"end":{"line":23,"column":5}},"line":20},"6":{"name":"(anonymous_6)","decl":{"start":{"line":26,"column":10},"end":{"line":26,"column":11}},"loc":{"start":{"line":26,"column":61},"end":{"line":32,"column":3}},"line":26},"7":{"name":"(anonymous_7)","decl":{"start":{"line":28,"column":51},"end":{"line":28,"column":52}},"loc":{"start":{"line":28,"column":74},"end":{"line":31,"column":5}},"line":28},"8":{"name":"(anonymous_8)","decl":{"start":{"line":34,"column":10},"end":{"line":34,"column":11}},"loc":{"start":{"line":34,"column":47},"end":{"line":40,"column":3}},"line":34},"9":{"name":"(anonymous_9)","decl":{"start":{"line":36,"column":37},"end":{"line":36,"column":38}},"loc":{"start":{"line":36,"column":60},"end":{"line":39,"column":5}},"line":36},"10":{"name":"(anonymous_10)","decl":{"start":{"line":41,"column":23},"end":{"line":41,"column":24}},"loc":{"start":{"line":41,"column":57},"end":{"line":56,"column":3}},"line":41},"11":{"name":"(anonymous_11)","decl":{"start":{"line":49,"column":50},"end":{"line":49,"column":51}},"loc":{"start":{"line":49,"column":72},"end":{"line":55,"column":5}},"line":49},"12":{"name":"(anonymous_12)","decl":{"start":{"line":58,"column":15},"end":{"line":58,"column":16}},"loc":{"start":{"line":58,"column":42},"end":{"line":63,"column":3}},"line":58},"13":{"name":"(anonymous_13)","decl":{"start":{"line":59,"column":67},"end":{"line":59,"column":68}},"loc":{"start":{"line":59,"column":91},"end":{"line":62,"column":5}},"line":59},"14":{"name":"(anonymous_14)","decl":{"start":{"line":65,"column":18},"end":{"line":65,"column":19}},"loc":{"start":{"line":65,"column":48},"end":{"line":70,"column":3}},"line":65},"15":{"name":"(anonymous_15)","decl":{"start":{"line":66,"column":73},"end":{"line":66,"column":74}},"loc":{"start":{"line":66,"column":97},"end":{"line":69,"column":5}},"line":66},"16":{"name":"(anonymous_16)","decl":{"start":{"line":72,"column":14},"end":{"line":72,"column":15}},"loc":{"start":{"line":72,"column":40},"end":{"line":77,"column":3}},"line":72},"17":{"name":"(anonymous_17)","decl":{"start":{"line":73,"column":65},"end":{"line":73,"column":66}},"loc":{"start":{"line":73,"column":89},"end":{"line":76,"column":5}},"line":73},"18":{"name":"(anonymous_18)","decl":{"start":{"line":78,"column":17},"end":{"line":78,"column":18}},"loc":{"start":{"line":78,"column":56},"end":{"line":84,"column":3}},"line":78},"19":{"name":"(anonymous_19)","decl":{"start":{"line":80,"column":18},"end":{"line":80,"column":19}},"loc":{"start":{"line":80,"column":42},"end":{"line":83,"column":5}},"line":80},"20":{"name":"(anonymous_20)","decl":{"start":{"line":86,"column":10},"end":{"line":86,"column":11}},"loc":{"start":{"line":86,"column":37},"end":{"line":91,"column":3}},"line":86},"21":{"name":"(anonymous_21)","decl":{"start":{"line":87,"column":190},"end":{"line":87,"column":191}},"loc":{"start":{"line":87,"column":214},"end":{"line":90,"column":5}},"line":87},"22":{"name":"(anonymous_22)","decl":{"start":{"line":93,"column":21},"end":{"line":93,"column":22}},"loc":{"start":{"line":93,"column":56},"end":{"line":101,"column":1}},"line":93},"23":{"name":"(anonymous_23)","decl":{"start":{"line":94,"column":101},"end":{"line":94,"column":102}},"loc":{"start":{"line":94,"column":119},"end":{"line":100,"column":5}},"line":94},"24":{"name":"(anonymous_24)","decl":{"start":{"line":98,"column":38},"end":{"line":98,"column":39}},"loc":{"start":{"line":98,"column":48},"end":{"line":98,"column":67}},"line":98}},"branchMap":{"0":{"loc":{"start":{"line":6,"column":6},"end":{"line":6,"column":25}},"type":"if","locations":[{"start":{"line":6,"column":6},"end":{"line":6,"column":25}},{"start":{},"end":{}}],"line":6},"1":{"loc":{"start":{"line":13,"column":6},"end":{"line":13,"column":25}},"type":"if","locations":[{"start":{"line":13,"column":6},"end":{"line":13,"column":25}},{"start":{},"end":{}}],"line":13},"2":{"loc":{"start":{"line":21,"column":6},"end":{"line":21,"column":25}},"type":"if","locations":[{"start":{"line":21,"column":6},"end":{"line":21,"column":25}},{"start":{},"end":{}}],"line":21},"3":{"loc":{"start":{"line":29,"column":6},"end":{"line":29,"column":25}},"type":"if","locations":[{"start":{"line":29,"column":6},"end":{"line":29,"column":25}},{"start":{},"end":{}}],"line":29},"4":{"loc":{"start":{"line":37,"column":6},"end":{"line":37,"column":25}},"type":"if","locations":[{"start":{"line":37,"column":6},"end":{"line":37,"column":25}},{"start":{},"end":{}}],"line":37},"5":{"loc":{"start":{"line":50,"column":6},"end":{"line":53,"column":7}},"type":"if","locations":[{"start":{"line":50,"column":6},"end":{"line":53,"column":7}},{"start":{},"end":{}}],"line":50},"6":{"loc":{"start":{"line":60,"column":6},"end":{"line":60,"column":25}},"type":"if","locations":[{"start":{"line":60,"column":6},"end":{"line":60,"column":25}},{"start":{},"end":{}}],"line":60},"7":{"loc":{"start":{"line":67,"column":6},"end":{"line":67,"column":25}},"type":"if","locations":[{"start":{"line":67,"column":6},"end":{"line":67,"column":25}},{"start":{},"end":{}}],"line":67},"8":{"loc":{"start":{"line":74,"column":6},"end":{"line":74,"column":25}},"type":"if","locations":[{"start":{"line":74,"column":6},"end":{"line":74,"column":25}},{"start":{},"end":{}}],"line":74},"9":{"loc":{"start":{"line":81,"column":6},"end":{"line":81,"column":25}},"type":"if","locations":[{"start":{"line":81,"column":6},"end":{"line":81,"column":25}},{"start":{},"end":{}}],"line":81},"10":{"loc":{"start":{"line":88,"column":6},"end":{"line":88,"column":25}},"type":"if","locations":[{"start":{"line":88,"column":6},"end":{"line":88,"column":25}},{"start":{},"end":{}}],"line":88},"11":{"loc":{"start":{"line":95,"column":8},"end":{"line":97,"column":9}},"type":"if","locations":[{"start":{"line":95,"column":8},"end":{"line":97,"column":9}},{"start":{},"end":{}}],"line":95}},"s":{"0":1,"1":1,"2":0,"3":0,"4":0,"5":0,"6":0,"7":0,"8":0,"9":0,"10":0,"11":0,"12":0,"13":0,"14":0,"15":0,"16":0,"17":0,"18":0,"19":0,"20":0,"21":0,"22":0,"23":0,"24":0,"25":1,"26":1,"27":0,"28":0,"29":0,"30":0,"31":0,"32":0,"33":0,"34":0,"35":0,"36":0,"37":0,"38":0,"39":0,"40":0,"41":0,"42":0,"43":0,"44":0,"45":0,"46":0,"47":0,"48":0,"49":0,"50":0,"51":0,"52":0,"53":0,"54":0,"55":0,"56":0,"57":0},"f":{"0":0,"1":0,"2":0,"3":0,"4":0,"5":0,"6":0,"7":0,"8":0,"9":0,"10":1,"11":0,"12":0,"13":0,"14":0,"15":0,"16":0,"17":0,"18":0,"19":0,"20":0,"21":0,"22":0,"23":0,"24":0},"b":{"0":[0,0],"1":[0,0],"2":[0,0],"3":[0,0],"4":[0,0],"5":[0,0],"6":[0,0],"7":[0,0],"8":[0,0],"9":[0,0],"10":[0,0],"11":[0,0]},"_coverageSchema":"1a1c01bbd47fc00a2c39e90264f33305004495a9","hash":"57409ec0a0b001c40def769dfa25869192f94e6e"}
,"C:\\Users\\Hamza\\VS\\SR10\\RecruitSR10\\myapp\\model\\Fiche.js": {"path":"C:\\Users\\Hamza\\VS\\SR10\\RecruitSR10\\myapp\\model\\Fiche.js","statementMap":{"0":{"start":{"line":1,"column":11},"end":{"line":1,"column":39}},"1":{"start":{"line":2,"column":19},"end":{"line":2,"column":40}},"2":{"start":{"line":4,"column":0},"end":{"line":123,"column":2}},"3":{"start":{"line":6,"column":4},"end":{"line":9,"column":7}},"4":{"start":{"line":7,"column":6},"end":{"line":7,"column":25}},"5":{"start":{"line":7,"column":15},"end":{"line":7,"column":25}},"6":{"start":{"line":8,"column":6},"end":{"line":8,"column":24}},"7":{"start":{"line":13,"column":4},"end":{"line":16,"column":7}},"8":{"start":{"line":14,"column":6},"end":{"line":14,"column":25}},"9":{"start":{"line":14,"column":15},"end":{"line":14,"column":25}},"10":{"start":{"line":15,"column":6},"end":{"line":15,"column":24}},"11":{"start":{"line":20,"column":14},"end":{"line":20,"column":148}},"12":{"start":{"line":21,"column":4},"end":{"line":24,"column":7}},"13":{"start":{"line":22,"column":6},"end":{"line":22,"column":25}},"14":{"start":{"line":22,"column":15},"end":{"line":22,"column":25}},"15":{"start":{"line":23,"column":6},"end":{"line":23,"column":40}},"16":{"start":{"line":28,"column":14},"end":{"line":28,"column":152}},"17":{"start":{"line":29,"column":4},"end":{"line":32,"column":7}},"18":{"start":{"line":30,"column":6},"end":{"line":30,"column":25}},"19":{"start":{"line":30,"column":15},"end":{"line":30,"column":25}},"20":{"start":{"line":31,"column":6},"end":{"line":31,"column":40}},"21":{"start":{"line":37,"column":4},"end":{"line":47,"column":7}},"22":{"start":{"line":38,"column":6},"end":{"line":40,"column":7}},"23":{"start":{"line":39,"column":8},"end":{"line":39,"column":18}},"24":{"start":{"line":42,"column":16},"end":{"line":42,"column":75}},"25":{"start":{"line":43,"column":6},"end":{"line":46,"column":9}},"26":{"start":{"line":44,"column":8},"end":{"line":44,"column":27}},"27":{"start":{"line":44,"column":17},"end":{"line":44,"column":27}},"28":{"start":{"line":45,"column":8},"end":{"line":45,"column":42}},"29":{"start":{"line":51,"column":4},"end":{"line":54,"column":7}},"30":{"start":{"line":52,"column":6},"end":{"line":52,"column":25}},"31":{"start":{"line":52,"column":15},"end":{"line":52,"column":25}},"32":{"start":{"line":53,"column":6},"end":{"line":53,"column":24}},"33":{"start":{"line":58,"column":4},"end":{"line":61,"column":7}},"34":{"start":{"line":59,"column":6},"end":{"line":59,"column":25}},"35":{"start":{"line":59,"column":15},"end":{"line":59,"column":25}},"36":{"start":{"line":60,"column":6},"end":{"line":60,"column":24}},"37":{"start":{"line":65,"column":4},"end":{"line":68,"column":7}},"38":{"start":{"line":66,"column":6},"end":{"line":66,"column":25}},"39":{"start":{"line":66,"column":15},"end":{"line":66,"column":25}},"40":{"start":{"line":67,"column":6},"end":{"line":67,"column":24}},"41":{"start":{"line":72,"column":14},"end":{"line":72,"column":72}},"42":{"start":{"line":73,"column":4},"end":{"line":76,"column":7}},"43":{"start":{"line":74,"column":6},"end":{"line":74,"column":25}},"44":{"start":{"line":74,"column":15},"end":{"line":74,"column":25}},"45":{"start":{"line":75,"column":6},"end":{"line":75,"column":24}},"46":{"start":{"line":80,"column":4},"end":{"line":83,"column":7}},"47":{"start":{"line":81,"column":6},"end":{"line":81,"column":25}},"48":{"start":{"line":81,"column":15},"end":{"line":81,"column":25}},"49":{"start":{"line":82,"column":6},"end":{"line":82,"column":24}},"50":{"start":{"line":87,"column":4},"end":{"line":90,"column":7}},"51":{"start":{"line":88,"column":6},"end":{"line":88,"column":25}},"52":{"start":{"line":88,"column":15},"end":{"line":88,"column":25}},"53":{"start":{"line":89,"column":6},"end":{"line":89,"column":24}},"54":{"start":{"line":94,"column":4},"end":{"line":97,"column":7}},"55":{"start":{"line":95,"column":6},"end":{"line":95,"column":25}},"56":{"start":{"line":95,"column":15},"end":{"line":95,"column":25}},"57":{"start":{"line":96,"column":6},"end":{"line":96,"column":24}},"58":{"start":{"line":101,"column":4},"end":{"line":104,"column":7}},"59":{"start":{"line":102,"column":6},"end":{"line":102,"column":25}},"60":{"start":{"line":102,"column":15},"end":{"line":102,"column":25}},"61":{"start":{"line":103,"column":6},"end":{"line":103,"column":24}},"62":{"start":{"line":107,"column":19},"end":{"line":107,"column":45}},"63":{"start":{"line":108,"column":16},"end":{"line":108,"column":48}},"64":{"start":{"line":109,"column":4},"end":{"line":112,"column":7}},"65":{"start":{"line":110,"column":6},"end":{"line":110,"column":25}},"66":{"start":{"line":110,"column":15},"end":{"line":110,"column":25}},"67":{"start":{"line":111,"column":6},"end":{"line":111,"column":24}},"68":{"start":{"line":117,"column":16},"end":{"line":117,"column":53}},"69":{"start":{"line":118,"column":4},"end":{"line":121,"column":7}},"70":{"start":{"line":119,"column":6},"end":{"line":119,"column":25}},"71":{"start":{"line":119,"column":15},"end":{"line":119,"column":25}},"72":{"start":{"line":120,"column":6},"end":{"line":120,"column":33}}},"fnMap":{"0":{"name":"(anonymous_0)","decl":{"start":{"line":5,"column":8},"end":{"line":5,"column":9}},"loc":{"start":{"line":5,"column":52},"end":{"line":10,"column":3}},"line":5},"1":{"name":"(anonymous_1)","decl":{"start":{"line":6,"column":102},"end":{"line":6,"column":103}},"loc":{"start":{"line":6,"column":126},"end":{"line":9,"column":5}},"line":6},"2":{"name":"(anonymous_2)","decl":{"start":{"line":12,"column":11},"end":{"line":12,"column":12}},"loc":{"start":{"line":12,"column":31},"end":{"line":17,"column":3}},"line":12},"3":{"name":"(anonymous_3)","decl":{"start":{"line":13,"column":36},"end":{"line":13,"column":37}},"loc":{"start":{"line":13,"column":60},"end":{"line":16,"column":5}},"line":13},"4":{"name":"(anonymous_4)","decl":{"start":{"line":19,"column":10},"end":{"line":19,"column":11}},"loc":{"start":{"line":19,"column":115},"end":{"line":25,"column":3}},"line":19},"5":{"name":"(anonymous_5)","decl":{"start":{"line":21,"column":105},"end":{"line":21,"column":106}},"loc":{"start":{"line":21,"column":128},"end":{"line":24,"column":5}},"line":21},"6":{"name":"(anonymous_6)","decl":{"start":{"line":27,"column":10},"end":{"line":27,"column":11}},"loc":{"start":{"line":27,"column":115},"end":{"line":33,"column":3}},"line":27},"7":{"name":"(anonymous_7)","decl":{"start":{"line":29,"column":105},"end":{"line":29,"column":106}},"loc":{"start":{"line":29,"column":128},"end":{"line":32,"column":5}},"line":29},"8":{"name":"(anonymous_8)","decl":{"start":{"line":35,"column":10},"end":{"line":35,"column":11}},"loc":{"start":{"line":35,"column":54},"end":{"line":48,"column":3}},"line":35},"9":{"name":"(anonymous_9)","decl":{"start":{"line":37,"column":53},"end":{"line":37,"column":54}},"loc":{"start":{"line":37,"column":75},"end":{"line":47,"column":5}},"line":37},"10":{"name":"(anonymous_10)","decl":{"start":{"line":43,"column":46},"end":{"line":43,"column":47}},"loc":{"start":{"line":43,"column":69},"end":{"line":46,"column":7}},"line":43},"11":{"name":"(anonymous_11)","decl":{"start":{"line":50,"column":18},"end":{"line":50,"column":19}},"loc":{"start":{"line":50,"column":48},"end":{"line":55,"column":3}},"line":50},"12":{"name":"(anonymous_12)","decl":{"start":{"line":51,"column":67},"end":{"line":51,"column":68}},"loc":{"start":{"line":51,"column":91},"end":{"line":54,"column":5}},"line":51},"13":{"name":"(anonymous_13)","decl":{"start":{"line":57,"column":22},"end":{"line":57,"column":23}},"loc":{"start":{"line":57,"column":56},"end":{"line":62,"column":3}},"line":57},"14":{"name":"(anonymous_14)","decl":{"start":{"line":58,"column":75},"end":{"line":58,"column":76}},"loc":{"start":{"line":58,"column":99},"end":{"line":61,"column":5}},"line":58},"15":{"name":"(anonymous_15)","decl":{"start":{"line":64,"column":21},"end":{"line":64,"column":22}},"loc":{"start":{"line":64,"column":55},"end":{"line":69,"column":3}},"line":64},"16":{"name":"(anonymous_16)","decl":{"start":{"line":65,"column":75},"end":{"line":65,"column":76}},"loc":{"start":{"line":65,"column":99},"end":{"line":68,"column":5}},"line":65},"17":{"name":"(anonymous_17)","decl":{"start":{"line":71,"column":17},"end":{"line":71,"column":18}},"loc":{"start":{"line":71,"column":56},"end":{"line":77,"column":3}},"line":71},"18":{"name":"(anonymous_18)","decl":{"start":{"line":73,"column":18},"end":{"line":73,"column":19}},"loc":{"start":{"line":73,"column":42},"end":{"line":76,"column":5}},"line":73},"19":{"name":"(anonymous_19)","decl":{"start":{"line":79,"column":21},"end":{"line":79,"column":22}},"loc":{"start":{"line":79,"column":55},"end":{"line":84,"column":3}},"line":79},"20":{"name":"(anonymous_20)","decl":{"start":{"line":80,"column":75},"end":{"line":80,"column":76}},"loc":{"start":{"line":80,"column":99},"end":{"line":83,"column":5}},"line":80},"21":{"name":"(anonymous_21)","decl":{"start":{"line":86,"column":20},"end":{"line":86,"column":21}},"loc":{"start":{"line":86,"column":52},"end":{"line":91,"column":3}},"line":86},"22":{"name":"(anonymous_22)","decl":{"start":{"line":87,"column":71},"end":{"line":87,"column":72}},"loc":{"start":{"line":87,"column":95},"end":{"line":90,"column":5}},"line":87},"23":{"name":"(anonymous_23)","decl":{"start":{"line":93,"column":16},"end":{"line":93,"column":17}},"loc":{"start":{"line":93,"column":44},"end":{"line":98,"column":3}},"line":93},"24":{"name":"(anonymous_24)","decl":{"start":{"line":94,"column":63},"end":{"line":94,"column":64}},"loc":{"start":{"line":94,"column":87},"end":{"line":97,"column":5}},"line":94},"25":{"name":"(anonymous_25)","decl":{"start":{"line":100,"column":10},"end":{"line":100,"column":11}},"loc":{"start":{"line":100,"column":37},"end":{"line":105,"column":3}},"line":100},"26":{"name":"(anonymous_26)","decl":{"start":{"line":101,"column":322},"end":{"line":101,"column":323}},"loc":{"start":{"line":101,"column":346},"end":{"line":104,"column":5}},"line":101},"27":{"name":"(anonymous_27)","decl":{"start":{"line":106,"column":12},"end":{"line":106,"column":13}},"loc":{"start":{"line":106,"column":53},"end":{"line":113,"column":3}},"line":106},"28":{"name":"(anonymous_28)","decl":{"start":{"line":109,"column":37},"end":{"line":109,"column":38}},"loc":{"start":{"line":109,"column":61},"end":{"line":112,"column":5}},"line":109},"29":{"name":"(anonymous_29)","decl":{"start":{"line":116,"column":12},"end":{"line":116,"column":13}},"loc":{"start":{"line":116,"column":32},"end":{"line":122,"column":3}},"line":116},"30":{"name":"(anonymous_30)","decl":{"start":{"line":118,"column":18},"end":{"line":118,"column":19}},"loc":{"start":{"line":118,"column":42},"end":{"line":121,"column":5}},"line":118}},"branchMap":{"0":{"loc":{"start":{"line":7,"column":6},"end":{"line":7,"column":25}},"type":"if","locations":[{"start":{"line":7,"column":6},"end":{"line":7,"column":25}},{"start":{},"end":{}}],"line":7},"1":{"loc":{"start":{"line":14,"column":6},"end":{"line":14,"column":25}},"type":"if","locations":[{"start":{"line":14,"column":6},"end":{"line":14,"column":25}},{"start":{},"end":{}}],"line":14},"2":{"loc":{"start":{"line":22,"column":6},"end":{"line":22,"column":25}},"type":"if","locations":[{"start":{"line":22,"column":6},"end":{"line":22,"column":25}},{"start":{},"end":{}}],"line":22},"3":{"loc":{"start":{"line":30,"column":6},"end":{"line":30,"column":25}},"type":"if","locations":[{"start":{"line":30,"column":6},"end":{"line":30,"column":25}},{"start":{},"end":{}}],"line":30},"4":{"loc":{"start":{"line":38,"column":6},"end":{"line":40,"column":7}},"type":"if","locations":[{"start":{"line":38,"column":6},"end":{"line":40,"column":7}},{"start":{},"end":{}}],"line":38},"5":{"loc":{"start":{"line":44,"column":8},"end":{"line":44,"column":27}},"type":"if","locations":[{"start":{"line":44,"column":8},"end":{"line":44,"column":27}},{"start":{},"end":{}}],"line":44},"6":{"loc":{"start":{"line":52,"column":6},"end":{"line":52,"column":25}},"type":"if","locations":[{"start":{"line":52,"column":6},"end":{"line":52,"column":25}},{"start":{},"end":{}}],"line":52},"7":{"loc":{"start":{"line":59,"column":6},"end":{"line":59,"column":25}},"type":"if","locations":[{"start":{"line":59,"column":6},"end":{"line":59,"column":25}},{"start":{},"end":{}}],"line":59},"8":{"loc":{"start":{"line":66,"column":6},"end":{"line":66,"column":25}},"type":"if","locations":[{"start":{"line":66,"column":6},"end":{"line":66,"column":25}},{"start":{},"end":{}}],"line":66},"9":{"loc":{"start":{"line":74,"column":6},"end":{"line":74,"column":25}},"type":"if","locations":[{"start":{"line":74,"column":6},"end":{"line":74,"column":25}},{"start":{},"end":{}}],"line":74},"10":{"loc":{"start":{"line":81,"column":6},"end":{"line":81,"column":25}},"type":"if","locations":[{"start":{"line":81,"column":6},"end":{"line":81,"column":25}},{"start":{},"end":{}}],"line":81},"11":{"loc":{"start":{"line":88,"column":6},"end":{"line":88,"column":25}},"type":"if","locations":[{"start":{"line":88,"column":6},"end":{"line":88,"column":25}},{"start":{},"end":{}}],"line":88},"12":{"loc":{"start":{"line":95,"column":6},"end":{"line":95,"column":25}},"type":"if","locations":[{"start":{"line":95,"column":6},"end":{"line":95,"column":25}},{"start":{},"end":{}}],"line":95},"13":{"loc":{"start":{"line":102,"column":6},"end":{"line":102,"column":25}},"type":"if","locations":[{"start":{"line":102,"column":6},"end":{"line":102,"column":25}},{"start":{},"end":{}}],"line":102},"14":{"loc":{"start":{"line":110,"column":6},"end":{"line":110,"column":25}},"type":"if","locations":[{"start":{"line":110,"column":6},"end":{"line":110,"column":25}},{"start":{},"end":{}}],"line":110},"15":{"loc":{"start":{"line":119,"column":6},"end":{"line":119,"column":25}},"type":"if","locations":[{"start":{"line":119,"column":6},"end":{"line":119,"column":25}},{"start":{},"end":{}}],"line":119}},"s":{"0":1,"1":1,"2":1,"3":0,"4":0,"5":0,"6":0,"7":0,"8":0,"9":0,"10":0,"11":0,"12":0,"13":0,"14":0,"15":0,"16":0,"17":0,"18":0,"19":0,"20":0,"21":0,"22":0,"23":0,"24":0,"25":0,"26":0,"27":0,"28":0,"29":0,"30":0,"31":0,"32":0,"33":0,"34":0,"35":0,"36":0,"37":0,"38":0,"39":0,"40":0,"41":0,"42":0,"43":0,"44":0,"45":0,"46":0,"47":0,"48":0,"49":0,"50":0,"51":0,"52":0,"53":0,"54":0,"55":0,"56":0,"57":0,"58":0,"59":0,"60":0,"61":0,"62":0,"63":0,"64":0,"65":0,"66":0,"67":0,"68":0,"69":0,"70":0,"71":0,"72":0},"f":{"0":0,"1":0,"2":0,"3":0,"4":0,"5":0,"6":0,"7":0,"8":0,"9":0,"10":0,"11":0,"12":0,"13":0,"14":0,"15":0,"16":0,"17":0,"18":0,"19":0,"20":0,"21":0,"22":0,"23":0,"24":0,"25":0,"26":0,"27":0,"28":0,"29":0,"30":0},"b":{"0":[0,0],"1":[0,0],"2":[0,0],"3":[0,0],"4":[0,0],"5":[0,0],"6":[0,0],"7":[0,0],"8":[0,0],"9":[0,0],"10":[0,0],"11":[0,0],"12":[0,0],"13":[0,0],"14":[0,0],"15":[0,0]},"_coverageSchema":"1a1c01bbd47fc00a2c39e90264f33305004495a9","hash":"d1800e688ef51f06cb044d3fae0148709813eef8"}
,"C:\\Users\\Hamza\\VS\\SR10\\RecruitSR10\\myapp\\model\\Offre.js": {"path":"C:\\Users\\Hamza\\VS\\SR10\\RecruitSR10\\myapp\\model\\Offre.js","statementMap":{"0":{"start":{"line":1,"column":11},"end":{"line":1,"column":39}},"1":{"start":{"line":2,"column":19},"end":{"line":2,"column":40}},"2":{"start":{"line":4,"column":0},"end":{"line":139,"column":2}},"3":{"start":{"line":6,"column":4},"end":{"line":9,"column":7}},"4":{"start":{"line":7,"column":6},"end":{"line":7,"column":25}},"5":{"start":{"line":7,"column":15},"end":{"line":7,"column":25}},"6":{"start":{"line":8,"column":6},"end":{"line":8,"column":24}},"7":{"start":{"line":13,"column":4},"end":{"line":16,"column":7}},"8":{"start":{"line":14,"column":6},"end":{"line":14,"column":25}},"9":{"start":{"line":14,"column":15},"end":{"line":14,"column":25}},"10":{"start":{"line":15,"column":6},"end":{"line":15,"column":24}},"11":{"start":{"line":20,"column":14},"end":{"line":20,"column":176}},"12":{"start":{"line":21,"column":4},"end":{"line":24,"column":7}},"13":{"start":{"line":22,"column":6},"end":{"line":22,"column":25}},"14":{"start":{"line":22,"column":15},"end":{"line":22,"column":25}},"15":{"start":{"line":23,"column":6},"end":{"line":23,"column":40}},"16":{"start":{"line":28,"column":14},"end":{"line":28,"column":178}},"17":{"start":{"line":29,"column":4},"end":{"line":32,"column":7}},"18":{"start":{"line":30,"column":6},"end":{"line":30,"column":25}},"19":{"start":{"line":30,"column":15},"end":{"line":30,"column":25}},"20":{"start":{"line":31,"column":6},"end":{"line":31,"column":40}},"21":{"start":{"line":36,"column":14},"end":{"line":36,"column":56}},"22":{"start":{"line":37,"column":4},"end":{"line":40,"column":7}},"23":{"start":{"line":38,"column":6},"end":{"line":38,"column":25}},"24":{"start":{"line":38,"column":15},"end":{"line":38,"column":25}},"25":{"start":{"line":39,"column":6},"end":{"line":39,"column":40}},"26":{"start":{"line":44,"column":4},"end":{"line":47,"column":7}},"27":{"start":{"line":45,"column":6},"end":{"line":45,"column":25}},"28":{"start":{"line":45,"column":15},"end":{"line":45,"column":25}},"29":{"start":{"line":46,"column":6},"end":{"line":46,"column":24}},"30":{"start":{"line":51,"column":14},"end":{"line":51,"column":72}},"31":{"start":{"line":52,"column":4},"end":{"line":55,"column":7}},"32":{"start":{"line":53,"column":6},"end":{"line":53,"column":25}},"33":{"start":{"line":53,"column":15},"end":{"line":53,"column":25}},"34":{"start":{"line":54,"column":6},"end":{"line":54,"column":24}},"35":{"start":{"line":59,"column":4},"end":{"line":62,"column":7}},"36":{"start":{"line":60,"column":6},"end":{"line":60,"column":25}},"37":{"start":{"line":60,"column":15},"end":{"line":60,"column":25}},"38":{"start":{"line":61,"column":6},"end":{"line":61,"column":24}},"39":{"start":{"line":65,"column":19},"end":{"line":65,"column":45}},"40":{"start":{"line":66,"column":16},"end":{"line":66,"column":48}},"41":{"start":{"line":67,"column":4},"end":{"line":70,"column":7}},"42":{"start":{"line":68,"column":6},"end":{"line":68,"column":25}},"43":{"start":{"line":68,"column":15},"end":{"line":68,"column":25}},"44":{"start":{"line":69,"column":6},"end":{"line":69,"column":24}},"45":{"start":{"line":75,"column":16},"end":{"line":75,"column":53}},"46":{"start":{"line":76,"column":4},"end":{"line":79,"column":7}},"47":{"start":{"line":77,"column":6},"end":{"line":77,"column":25}},"48":{"start":{"line":77,"column":15},"end":{"line":77,"column":25}},"49":{"start":{"line":78,"column":6},"end":{"line":78,"column":33}},"50":{"start":{"line":83,"column":4},"end":{"line":83,"column":175}},"51":{"start":{"line":87,"column":4},"end":{"line":87,"column":70}},"52":{"start":{"line":91,"column":4},"end":{"line":91,"column":82}},"53":{"start":{"line":95,"column":4},"end":{"line":95,"column":79}},"54":{"start":{"line":99,"column":4},"end":{"line":99,"column":186}},"55":{"start":{"line":103,"column":4},"end":{"line":103,"column":141}},"56":{"start":{"line":107,"column":4},"end":{"line":107,"column":190}},"57":{"start":{"line":111,"column":4},"end":{"line":111,"column":190}},"58":{"start":{"line":115,"column":4},"end":{"line":115,"column":173}},"59":{"start":{"line":119,"column":4},"end":{"line":119,"column":184}},"60":{"start":{"line":123,"column":4},"end":{"line":124,"column":146}},"61":{"start":{"line":128,"column":4},"end":{"line":128,"column":104}},"62":{"start":{"line":133,"column":14},"end":{"line":133,"column":123}},"63":{"start":{"line":134,"column":4},"end":{"line":137,"column":7}},"64":{"start":{"line":135,"column":6},"end":{"line":135,"column":25}},"65":{"start":{"line":135,"column":15},"end":{"line":135,"column":25}},"66":{"start":{"line":136,"column":6},"end":{"line":136,"column":40}}},"fnMap":{"0":{"name":"(anonymous_0)","decl":{"start":{"line":5,"column":8},"end":{"line":5,"column":9}},"loc":{"start":{"line":5,"column":38},"end":{"line":10,"column":3}},"line":5},"1":{"name":"(anonymous_1)","decl":{"start":{"line":6,"column":71},"end":{"line":6,"column":72}},"loc":{"start":{"line":6,"column":95},"end":{"line":9,"column":5}},"line":6},"2":{"name":"(anonymous_2)","decl":{"start":{"line":12,"column":11},"end":{"line":12,"column":12}},"loc":{"start":{"line":12,"column":31},"end":{"line":17,"column":3}},"line":12},"3":{"name":"(anonymous_3)","decl":{"start":{"line":13,"column":36},"end":{"line":13,"column":37}},"loc":{"start":{"line":13,"column":60},"end":{"line":16,"column":5}},"line":13},"4":{"name":"(anonymous_4)","decl":{"start":{"line":19,"column":10},"end":{"line":19,"column":11}},"loc":{"start":{"line":19,"column":125},"end":{"line":25,"column":3}},"line":19},"5":{"name":"(anonymous_5)","decl":{"start":{"line":21,"column":115},"end":{"line":21,"column":116}},"loc":{"start":{"line":21,"column":138},"end":{"line":24,"column":5}},"line":21},"6":{"name":"(anonymous_6)","decl":{"start":{"line":27,"column":10},"end":{"line":27,"column":11}},"loc":{"start":{"line":27,"column":125},"end":{"line":33,"column":3}},"line":27},"7":{"name":"(anonymous_7)","decl":{"start":{"line":29,"column":115},"end":{"line":29,"column":116}},"loc":{"start":{"line":29,"column":138},"end":{"line":32,"column":5}},"line":29},"8":{"name":"(anonymous_8)","decl":{"start":{"line":35,"column":10},"end":{"line":35,"column":11}},"loc":{"start":{"line":35,"column":40},"end":{"line":41,"column":3}},"line":35},"9":{"name":"(anonymous_9)","decl":{"start":{"line":37,"column":30},"end":{"line":37,"column":31}},"loc":{"start":{"line":37,"column":53},"end":{"line":40,"column":5}},"line":37},"10":{"name":"(anonymous_10)","decl":{"start":{"line":43,"column":15},"end":{"line":43,"column":16}},"loc":{"start":{"line":43,"column":42},"end":{"line":48,"column":3}},"line":43},"11":{"name":"(anonymous_11)","decl":{"start":{"line":44,"column":68},"end":{"line":44,"column":69}},"loc":{"start":{"line":44,"column":92},"end":{"line":47,"column":5}},"line":44},"12":{"name":"(anonymous_12)","decl":{"start":{"line":50,"column":17},"end":{"line":50,"column":18}},"loc":{"start":{"line":50,"column":56},"end":{"line":56,"column":3}},"line":50},"13":{"name":"(anonymous_13)","decl":{"start":{"line":52,"column":18},"end":{"line":52,"column":19}},"loc":{"start":{"line":52,"column":42},"end":{"line":55,"column":5}},"line":52},"14":{"name":"(anonymous_14)","decl":{"start":{"line":58,"column":10},"end":{"line":58,"column":11}},"loc":{"start":{"line":58,"column":37},"end":{"line":63,"column":3}},"line":58},"15":{"name":"(anonymous_15)","decl":{"start":{"line":59,"column":124},"end":{"line":59,"column":125}},"loc":{"start":{"line":59,"column":148},"end":{"line":62,"column":5}},"line":59},"16":{"name":"(anonymous_16)","decl":{"start":{"line":64,"column":12},"end":{"line":64,"column":13}},"loc":{"start":{"line":64,"column":53},"end":{"line":71,"column":3}},"line":64},"17":{"name":"(anonymous_17)","decl":{"start":{"line":67,"column":37},"end":{"line":67,"column":38}},"loc":{"start":{"line":67,"column":61},"end":{"line":70,"column":5}},"line":67},"18":{"name":"(anonymous_18)","decl":{"start":{"line":74,"column":12},"end":{"line":74,"column":13}},"loc":{"start":{"line":74,"column":32},"end":{"line":80,"column":3}},"line":74},"19":{"name":"(anonymous_19)","decl":{"start":{"line":76,"column":18},"end":{"line":76,"column":19}},"loc":{"start":{"line":76,"column":42},"end":{"line":79,"column":5}},"line":76},"20":{"name":"(anonymous_20)","decl":{"start":{"line":82,"column":22},"end":{"line":82,"column":23}},"loc":{"start":{"line":82,"column":63},"end":{"line":84,"column":3}},"line":82},"21":{"name":"(anonymous_21)","decl":{"start":{"line":86,"column":14},"end":{"line":86,"column":15}},"loc":{"start":{"line":86,"column":41},"end":{"line":88,"column":3}},"line":86},"22":{"name":"(anonymous_22)","decl":{"start":{"line":90,"column":25},"end":{"line":90,"column":26}},"loc":{"start":{"line":90,"column":52},"end":{"line":92,"column":3}},"line":90},"23":{"name":"(anonymous_23)","decl":{"start":{"line":94,"column":22},"end":{"line":94,"column":23}},"loc":{"start":{"line":94,"column":49},"end":{"line":96,"column":3}},"line":94},"24":{"name":"(anonymous_24)","decl":{"start":{"line":98,"column":18},"end":{"line":98,"column":19}},"loc":{"start":{"line":98,"column":59},"end":{"line":100,"column":3}},"line":98},"25":{"name":"(anonymous_25)","decl":{"start":{"line":102,"column":22},"end":{"line":102,"column":23}},"loc":{"start":{"line":102,"column":56},"end":{"line":104,"column":3}},"line":102},"26":{"name":"(anonymous_26)","decl":{"start":{"line":106,"column":21},"end":{"line":106,"column":22}},"loc":{"start":{"line":106,"column":62},"end":{"line":108,"column":3}},"line":106},"27":{"name":"(anonymous_27)","decl":{"start":{"line":110,"column":21},"end":{"line":110,"column":22}},"loc":{"start":{"line":110,"column":62},"end":{"line":112,"column":3}},"line":110},"28":{"name":"(anonymous_28)","decl":{"start":{"line":114,"column":20},"end":{"line":114,"column":21}},"loc":{"start":{"line":114,"column":61},"end":{"line":116,"column":3}},"line":114},"29":{"name":"(anonymous_29)","decl":{"start":{"line":118,"column":16},"end":{"line":118,"column":17}},"loc":{"start":{"line":118,"column":57},"end":{"line":120,"column":3}},"line":118},"30":{"name":"(anonymous_30)","decl":{"start":{"line":122,"column":10},"end":{"line":122,"column":11}},"loc":{"start":{"line":122,"column":51},"end":{"line":125,"column":3}},"line":122},"31":{"name":"(anonymous_31)","decl":{"start":{"line":127,"column":22},"end":{"line":127,"column":23}},"loc":{"start":{"line":127,"column":42},"end":{"line":131,"column":3}},"line":127},"32":{"name":"(anonymous_32)","decl":{"start":{"line":132,"column":17},"end":{"line":132,"column":18}},"loc":{"start":{"line":132,"column":61},"end":{"line":138,"column":3}},"line":132},"33":{"name":"(anonymous_33)","decl":{"start":{"line":134,"column":44},"end":{"line":134,"column":45}},"loc":{"start":{"line":134,"column":67},"end":{"line":137,"column":5}},"line":134}},"branchMap":{"0":{"loc":{"start":{"line":7,"column":6},"end":{"line":7,"column":25}},"type":"if","locations":[{"start":{"line":7,"column":6},"end":{"line":7,"column":25}},{"start":{},"end":{}}],"line":7},"1":{"loc":{"start":{"line":14,"column":6},"end":{"line":14,"column":25}},"type":"if","locations":[{"start":{"line":14,"column":6},"end":{"line":14,"column":25}},{"start":{},"end":{}}],"line":14},"2":{"loc":{"start":{"line":22,"column":6},"end":{"line":22,"column":25}},"type":"if","locations":[{"start":{"line":22,"column":6},"end":{"line":22,"column":25}},{"start":{},"end":{}}],"line":22},"3":{"loc":{"start":{"line":30,"column":6},"end":{"line":30,"column":25}},"type":"if","locations":[{"start":{"line":30,"column":6},"end":{"line":30,"column":25}},{"start":{},"end":{}}],"line":30},"4":{"loc":{"start":{"line":38,"column":6},"end":{"line":38,"column":25}},"type":"if","locations":[{"start":{"line":38,"column":6},"end":{"line":38,"column":25}},{"start":{},"end":{}}],"line":38},"5":{"loc":{"start":{"line":45,"column":6},"end":{"line":45,"column":25}},"type":"if","locations":[{"start":{"line":45,"column":6},"end":{"line":45,"column":25}},{"start":{},"end":{}}],"line":45},"6":{"loc":{"start":{"line":53,"column":6},"end":{"line":53,"column":25}},"type":"if","locations":[{"start":{"line":53,"column":6},"end":{"line":53,"column":25}},{"start":{},"end":{}}],"line":53},"7":{"loc":{"start":{"line":60,"column":6},"end":{"line":60,"column":25}},"type":"if","locations":[{"start":{"line":60,"column":6},"end":{"line":60,"column":25}},{"start":{},"end":{}}],"line":60},"8":{"loc":{"start":{"line":68,"column":6},"end":{"line":68,"column":25}},"type":"if","locations":[{"start":{"line":68,"column":6},"end":{"line":68,"column":25}},{"start":{},"end":{}}],"line":68},"9":{"loc":{"start":{"line":77,"column":6},"end":{"line":77,"column":25}},"type":"if","locations":[{"start":{"line":77,"column":6},"end":{"line":77,"column":25}},{"start":{},"end":{}}],"line":77},"10":{"loc":{"start":{"line":135,"column":6},"end":{"line":135,"column":25}},"type":"if","locations":[{"start":{"line":135,"column":6},"end":{"line":135,"column":25}},{"start":{},"end":{}}],"line":135}},"s":{"0":1,"1":1,"2":1,"3":0,"4":0,"5":0,"6":0,"7":0,"8":0,"9":0,"10":0,"11":0,"12":0,"13":0,"14":0,"15":0,"16":0,"17":0,"18":0,"19":0,"20":0,"21":0,"22":0,"23":0,"24":0,"25":0,"26":0,"27":0,"28":0,"29":0,"30":0,"31":0,"32":0,"33":0,"34":0,"35":0,"36":0,"37":0,"38":0,"39":0,"40":0,"41":0,"42":0,"43":0,"44":0,"45":0,"46":0,"47":0,"48":0,"49":0,"50":0,"51":0,"52":0,"53":0,"54":0,"55":0,"56":0,"57":0,"58":0,"59":0,"60":0,"61":0,"62":0,"63":0,"64":0,"65":0,"66":0},"f":{"0":0,"1":0,"2":0,"3":0,"4":0,"5":0,"6":0,"7":0,"8":0,"9":0,"10":0,"11":0,"12":0,"13":0,"14":0,"15":0,"16":0,"17":0,"18":0,"19":0,"20":0,"21":0,"22":0,"23":0,"24":0,"25":0,"26":0,"27":0,"28":0,"29":0,"30":0,"31":0,"32":0,"33":0},"b":{"0":[0,0],"1":[0,0],"2":[0,0],"3":[0,0],"4":[0,0],"5":[0,0],"6":[0,0],"7":[0,0],"8":[0,0],"9":[0,0],"10":[0,0]},"_coverageSchema":"1a1c01bbd47fc00a2c39e90264f33305004495a9","hash":"fe0808565cca7a017b00b6b99cd59297623d11b2"}
,"C:\\Users\\Hamza\\VS\\SR10\\RecruitSR10\\myapp\\model\\Utilisateur.js": {"path":"C:\\Users\\Hamza\\VS\\SR10\\RecruitSR10\\myapp\\model\\Utilisateur.js","statementMap":{"0":{"start":{"line":1,"column":11},"end":{"line":1,"column":39}},"1":{"start":{"line":2,"column":19},"end":{"line":2,"column":40}},"2":{"start":{"line":3,"column":23},"end":{"line":3,"column":38}},"3":{"start":{"line":5,"column":0},"end":{"line":153,"column":1}},"4":{"start":{"line":7,"column":4},"end":{"line":11,"column":7}},"5":{"start":{"line":8,"column":6},"end":{"line":8,"column":42}},"6":{"start":{"line":8,"column":15},"end":{"line":8,"column":42}},"7":{"start":{"line":9,"column":6},"end":{"line":9,"column":60}},"8":{"start":{"line":9,"column":32},"end":{"line":9,"column":60}},"9":{"start":{"line":10,"column":6},"end":{"line":10,"column":33}},"10":{"start":{"line":15,"column":4},"end":{"line":18,"column":7}},"11":{"start":{"line":16,"column":8},"end":{"line":16,"column":27}},"12":{"start":{"line":16,"column":17},"end":{"line":16,"column":27}},"13":{"start":{"line":17,"column":8},"end":{"line":17,"column":26}},"14":{"start":{"line":22,"column":16},"end":{"line":22,"column":43}},"15":{"start":{"line":23,"column":4},"end":{"line":44,"column":7}},"16":{"start":{"line":24,"column":6},"end":{"line":27,"column":7}},"17":{"start":{"line":25,"column":8},"end":{"line":25,"column":79}},"18":{"start":{"line":26,"column":8},"end":{"line":26,"column":35}},"19":{"start":{"line":30,"column":20},"end":{"line":40,"column":9}},"20":{"start":{"line":30,"column":40},"end":{"line":40,"column":7}},"21":{"start":{"line":43,"column":6},"end":{"line":43,"column":28}},"22":{"start":{"line":48,"column":16},"end":{"line":48,"column":59}},"23":{"start":{"line":49,"column":4},"end":{"line":64,"column":7}},"24":{"start":{"line":50,"column":6},"end":{"line":52,"column":7}},"25":{"start":{"line":51,"column":8},"end":{"line":51,"column":42}},"26":{"start":{"line":54,"column":6},"end":{"line":56,"column":7}},"27":{"start":{"line":55,"column":8},"end":{"line":55,"column":43}},"28":{"start":{"line":58,"column":19},"end":{"line":58,"column":29}},"29":{"start":{"line":59,"column":6},"end":{"line":63,"column":7}},"30":{"start":{"line":60,"column":8},"end":{"line":60,"column":35}},"31":{"start":{"line":62,"column":8},"end":{"line":62,"column":36}},"32":{"start":{"line":67,"column":13},"end":{"line":67,"column":21}},"33":{"start":{"line":68,"column":14},"end":{"line":68,"column":161}},"34":{"start":{"line":69,"column":4},"end":{"line":79,"column":7}},"35":{"start":{"line":70,"column":6},"end":{"line":78,"column":7}},"36":{"start":{"line":71,"column":8},"end":{"line":75,"column":9}},"37":{"start":{"line":72,"column":10},"end":{"line":72,"column":50}},"38":{"start":{"line":74,"column":10},"end":{"line":74,"column":20}},"39":{"start":{"line":77,"column":8},"end":{"line":77,"column":23}},"40":{"start":{"line":82,"column":16},"end":{"line":82,"column":166}},"41":{"start":{"line":83,"column":4},"end":{"line":86,"column":7}},"42":{"start":{"line":84,"column":6},"end":{"line":84,"column":25}},"43":{"start":{"line":84,"column":15},"end":{"line":84,"column":25}},"44":{"start":{"line":85,"column":6},"end":{"line":85,"column":40}},"45":{"start":{"line":90,"column":29},"end":{"line":90,"column":56}},"46":{"start":{"line":91,"column":4},"end":{"line":98,"column":7}},"47":{"start":{"line":92,"column":6},"end":{"line":92,"column":25}},"48":{"start":{"line":92,"column":15},"end":{"line":92,"column":25}},"49":{"start":{"line":93,"column":18},"end":{"line":93,"column":56}},"50":{"start":{"line":94,"column":6},"end":{"line":97,"column":9}},"51":{"start":{"line":95,"column":8},"end":{"line":95,"column":27}},"52":{"start":{"line":95,"column":17},"end":{"line":95,"column":27}},"53":{"start":{"line":96,"column":8},"end":{"line":96,"column":42}},"54":{"start":{"line":102,"column":4},"end":{"line":105,"column":7}},"55":{"start":{"line":103,"column":6},"end":{"line":103,"column":25}},"56":{"start":{"line":103,"column":15},"end":{"line":103,"column":25}},"57":{"start":{"line":104,"column":6},"end":{"line":104,"column":24}},"58":{"start":{"line":109,"column":4},"end":{"line":112,"column":7}},"59":{"start":{"line":110,"column":6},"end":{"line":110,"column":25}},"60":{"start":{"line":110,"column":15},"end":{"line":110,"column":25}},"61":{"start":{"line":111,"column":6},"end":{"line":111,"column":24}},"62":{"start":{"line":116,"column":16},"end":{"line":116,"column":98}},"63":{"start":{"line":117,"column":4},"end":{"line":120,"column":7}},"64":{"start":{"line":118,"column":6},"end":{"line":118,"column":25}},"65":{"start":{"line":118,"column":15},"end":{"line":118,"column":25}},"66":{"start":{"line":119,"column":6},"end":{"line":119,"column":24}},"67":{"start":{"line":124,"column":16},"end":{"line":127,"column":5}},"68":{"start":{"line":128,"column":24},"end":{"line":128,"column":41}},"69":{"start":{"line":129,"column":4},"end":{"line":132,"column":7}},"70":{"start":{"line":130,"column":6},"end":{"line":130,"column":25}},"71":{"start":{"line":130,"column":15},"end":{"line":130,"column":25}},"72":{"start":{"line":131,"column":6},"end":{"line":131,"column":24}},"73":{"start":{"line":136,"column":4},"end":{"line":139,"column":7}},"74":{"start":{"line":137,"column":6},"end":{"line":137,"column":25}},"75":{"start":{"line":137,"column":15},"end":{"line":137,"column":25}},"76":{"start":{"line":138,"column":6},"end":{"line":138,"column":24}},"77":{"start":{"line":143,"column":16},"end":{"line":143,"column":62}},"78":{"start":{"line":144,"column":4},"end":{"line":151,"column":7}},"79":{"start":{"line":145,"column":6},"end":{"line":150,"column":7}},"80":{"start":{"line":146,"column":8},"end":{"line":146,"column":97}},"81":{"start":{"line":147,"column":8},"end":{"line":147,"column":24}},"82":{"start":{"line":149,"column":8},"end":{"line":149,"column":23}}},"fnMap":{"0":{"name":"(anonymous_0)","decl":{"start":{"line":6,"column":8},"end":{"line":6,"column":9}},"loc":{"start":{"line":6,"column":32},"end":{"line":12,"column":3}},"line":6},"1":{"name":"(anonymous_1)","decl":{"start":{"line":7,"column":61},"end":{"line":7,"column":62}},"loc":{"start":{"line":7,"column":84},"end":{"line":11,"column":5}},"line":7},"2":{"name":"(anonymous_2)","decl":{"start":{"line":14,"column":15},"end":{"line":14,"column":16}},"loc":{"start":{"line":14,"column":42},"end":{"line":19,"column":3}},"line":14},"3":{"name":"(anonymous_3)","decl":{"start":{"line":15,"column":67},"end":{"line":15,"column":68}},"loc":{"start":{"line":15,"column":91},"end":{"line":18,"column":5}},"line":15},"4":{"name":"(anonymous_4)","decl":{"start":{"line":21,"column":11},"end":{"line":21,"column":12}},"loc":{"start":{"line":21,"column":30},"end":{"line":45,"column":3}},"line":21},"5":{"name":"(anonymous_5)","decl":{"start":{"line":23,"column":18},"end":{"line":23,"column":19}},"loc":{"start":{"line":23,"column":41},"end":{"line":44,"column":5}},"line":23},"6":{"name":"(anonymous_6)","decl":{"start":{"line":30,"column":32},"end":{"line":30,"column":33}},"loc":{"start":{"line":30,"column":40},"end":{"line":40,"column":7}},"line":30},"7":{"name":"(anonymous_7)","decl":{"start":{"line":47,"column":12},"end":{"line":47,"column":13}},"loc":{"start":{"line":47,"column":52},"end":{"line":65,"column":3}},"line":47},"8":{"name":"(anonymous_8)","decl":{"start":{"line":49,"column":27},"end":{"line":49,"column":28}},"loc":{"start":{"line":49,"column":50},"end":{"line":64,"column":5}},"line":49},"9":{"name":"(anonymous_9)","decl":{"start":{"line":66,"column":10},"end":{"line":66,"column":11}},"loc":{"start":{"line":66,"column":119},"end":{"line":80,"column":3}},"line":66},"10":{"name":"(anonymous_10)","decl":{"start":{"line":69,"column":113},"end":{"line":69,"column":114}},"loc":{"start":{"line":69,"column":136},"end":{"line":79,"column":5}},"line":69},"11":{"name":"(anonymous_11)","decl":{"start":{"line":81,"column":10},"end":{"line":81,"column":11}},"loc":{"start":{"line":81,"column":123},"end":{"line":87,"column":3}},"line":81},"12":{"name":"(anonymous_12)","decl":{"start":{"line":83,"column":113},"end":{"line":83,"column":114}},"loc":{"start":{"line":83,"column":136},"end":{"line":86,"column":5}},"line":83},"13":{"name":"(anonymous_13)","decl":{"start":{"line":89,"column":10},"end":{"line":89,"column":11}},"loc":{"start":{"line":89,"column":34},"end":{"line":99,"column":3}},"line":89},"14":{"name":"(anonymous_14)","decl":{"start":{"line":91,"column":45},"end":{"line":91,"column":46}},"loc":{"start":{"line":91,"column":67},"end":{"line":98,"column":5}},"line":91},"15":{"name":"(anonymous_15)","decl":{"start":{"line":94,"column":26},"end":{"line":94,"column":27}},"loc":{"start":{"line":94,"column":49},"end":{"line":97,"column":7}},"line":94},"16":{"name":"(anonymous_16)","decl":{"start":{"line":101,"column":20},"end":{"line":101,"column":21}},"loc":{"start":{"line":101,"column":53},"end":{"line":106,"column":3}},"line":101},"17":{"name":"(anonymous_17)","decl":{"start":{"line":102,"column":72},"end":{"line":102,"column":73}},"loc":{"start":{"line":102,"column":96},"end":{"line":105,"column":5}},"line":102},"18":{"name":"(anonymous_18)","decl":{"start":{"line":108,"column":22},"end":{"line":108,"column":23}},"loc":{"start":{"line":108,"column":57},"end":{"line":113,"column":3}},"line":108},"19":{"name":"(anonymous_19)","decl":{"start":{"line":109,"column":83},"end":{"line":109,"column":84}},"loc":{"start":{"line":109,"column":107},"end":{"line":112,"column":5}},"line":109},"20":{"name":"(anonymous_20)","decl":{"start":{"line":115,"column":17},"end":{"line":115,"column":18}},"loc":{"start":{"line":115,"column":56},"end":{"line":121,"column":3}},"line":115},"21":{"name":"(anonymous_21)","decl":{"start":{"line":117,"column":28},"end":{"line":117,"column":29}},"loc":{"start":{"line":117,"column":52},"end":{"line":120,"column":5}},"line":117},"22":{"name":"(anonymous_22)","decl":{"start":{"line":123,"column":10},"end":{"line":123,"column":11}},"loc":{"start":{"line":123,"column":37},"end":{"line":133,"column":3}},"line":123},"23":{"name":"(anonymous_23)","decl":{"start":{"line":129,"column":124},"end":{"line":129,"column":125}},"loc":{"start":{"line":129,"column":148},"end":{"line":132,"column":5}},"line":129},"24":{"name":"(anonymous_24)","decl":{"start":{"line":135,"column":20},"end":{"line":135,"column":21}},"loc":{"start":{"line":135,"column":43},"end":{"line":140,"column":3}},"line":135},"25":{"name":"(anonymous_25)","decl":{"start":{"line":136,"column":72},"end":{"line":136,"column":73}},"loc":{"start":{"line":136,"column":95},"end":{"line":139,"column":5}},"line":136},"26":{"name":"(anonymous_26)","decl":{"start":{"line":142,"column":20},"end":{"line":142,"column":21}},"loc":{"start":{"line":142,"column":59},"end":{"line":152,"column":3}},"line":142},"27":{"name":"(anonymous_27)","decl":{"start":{"line":144,"column":40},"end":{"line":144,"column":41}},"loc":{"start":{"line":144,"column":62},"end":{"line":151,"column":5}},"line":144}},"branchMap":{"0":{"loc":{"start":{"line":8,"column":6},"end":{"line":8,"column":42}},"type":"if","locations":[{"start":{"line":8,"column":6},"end":{"line":8,"column":42}},{"start":{},"end":{}}],"line":8},"1":{"loc":{"start":{"line":9,"column":6},"end":{"line":9,"column":60}},"type":"if","locations":[{"start":{"line":9,"column":6},"end":{"line":9,"column":60}},{"start":{},"end":{}}],"line":9},"2":{"loc":{"start":{"line":16,"column":8},"end":{"line":16,"column":27}},"type":"if","locations":[{"start":{"line":16,"column":8},"end":{"line":16,"column":27}},{"start":{},"end":{}}],"line":16},"3":{"loc":{"start":{"line":24,"column":6},"end":{"line":27,"column":7}},"type":"if","locations":[{"start":{"line":24,"column":6},"end":{"line":27,"column":7}},{"start":{},"end":{}}],"line":24},"4":{"loc":{"start":{"line":50,"column":6},"end":{"line":52,"column":7}},"type":"if","locations":[{"start":{"line":50,"column":6},"end":{"line":52,"column":7}},{"start":{},"end":{}}],"line":50},"5":{"loc":{"start":{"line":54,"column":6},"end":{"line":56,"column":7}},"type":"if","locations":[{"start":{"line":54,"column":6},"end":{"line":56,"column":7}},{"start":{},"end":{}}],"line":54},"6":{"loc":{"start":{"line":59,"column":6},"end":{"line":63,"column":7}},"type":"if","locations":[{"start":{"line":59,"column":6},"end":{"line":63,"column":7}},{"start":{"line":61,"column":13},"end":{"line":63,"column":7}}],"line":59},"7":{"loc":{"start":{"line":70,"column":6},"end":{"line":78,"column":7}},"type":"if","locations":[{"start":{"line":70,"column":6},"end":{"line":78,"column":7}},{"start":{"line":76,"column":13},"end":{"line":78,"column":7}}],"line":70},"8":{"loc":{"start":{"line":71,"column":8},"end":{"line":75,"column":9}},"type":"if","locations":[{"start":{"line":71,"column":8},"end":{"line":75,"column":9}},{"start":{"line":73,"column":15},"end":{"line":75,"column":9}}],"line":71},"9":{"loc":{"start":{"line":84,"column":6},"end":{"line":84,"column":25}},"type":"if","locations":[{"start":{"line":84,"column":6},"end":{"line":84,"column":25}},{"start":{},"end":{}}],"line":84},"10":{"loc":{"start":{"line":92,"column":6},"end":{"line":92,"column":25}},"type":"if","locations":[{"start":{"line":92,"column":6},"end":{"line":92,"column":25}},{"start":{},"end":{}}],"line":92},"11":{"loc":{"start":{"line":95,"column":8},"end":{"line":95,"column":27}},"type":"if","locations":[{"start":{"line":95,"column":8},"end":{"line":95,"column":27}},{"start":{},"end":{}}],"line":95},"12":{"loc":{"start":{"line":103,"column":6},"end":{"line":103,"column":25}},"type":"if","locations":[{"start":{"line":103,"column":6},"end":{"line":103,"column":25}},{"start":{},"end":{}}],"line":103},"13":{"loc":{"start":{"line":110,"column":6},"end":{"line":110,"column":25}},"type":"if","locations":[{"start":{"line":110,"column":6},"end":{"line":110,"column":25}},{"start":{},"end":{}}],"line":110},"14":{"loc":{"start":{"line":116,"column":60},"end":{"line":116,"column":97}},"type":"cond-expr","locations":[{"start":{"line":116,"column":83},"end":{"line":116,"column":89}},{"start":{"line":116,"column":92},"end":{"line":116,"column":97}}],"line":116},"15":{"loc":{"start":{"line":118,"column":6},"end":{"line":118,"column":25}},"type":"if","locations":[{"start":{"line":118,"column":6},"end":{"line":118,"column":25}},{"start":{},"end":{}}],"line":118},"16":{"loc":{"start":{"line":130,"column":6},"end":{"line":130,"column":25}},"type":"if","locations":[{"start":{"line":130,"column":6},"end":{"line":130,"column":25}},{"start":{},"end":{}}],"line":130},"17":{"loc":{"start":{"line":137,"column":6},"end":{"line":137,"column":25}},"type":"if","locations":[{"start":{"line":137,"column":6},"end":{"line":137,"column":25}},{"start":{},"end":{}}],"line":137},"18":{"loc":{"start":{"line":145,"column":6},"end":{"line":150,"column":7}},"type":"if","locations":[{"start":{"line":145,"column":6},"end":{"line":150,"column":7}},{"start":{"line":148,"column":13},"end":{"line":150,"column":7}}],"line":145}},"s":{"0":1,"1":1,"2":1,"3":1,"4":1,"5":0,"6":0,"7":0,"8":0,"9":0,"10":1,"11":0,"12":0,"13":0,"14":1,"15":1,"16":0,"17":0,"18":0,"19":0,"20":0,"21":0,"22":1,"23":1,"24":0,"25":0,"26":0,"27":0,"28":0,"29":0,"30":0,"31":0,"32":1,"33":1,"34":1,"35":0,"36":0,"37":0,"38":0,"39":0,"40":1,"41":1,"42":0,"43":0,"44":0,"45":1,"46":1,"47":0,"48":0,"49":0,"50":0,"51":0,"52":0,"53":0,"54":1,"55":0,"56":0,"57":0,"58":1,"59":0,"60":0,"61":0,"62":0,"63":0,"64":0,"65":0,"66":0,"67":0,"68":0,"69":0,"70":0,"71":0,"72":0,"73":1,"74":0,"75":0,"76":0,"77":1,"78":1,"79":0,"80":0,"81":0,"82":0},"f":{"0":1,"1":0,"2":1,"3":0,"4":1,"5":0,"6":0,"7":1,"8":0,"9":1,"10":0,"11":1,"12":0,"13":1,"14":0,"15":0,"16":1,"17":0,"18":1,"19":0,"20":0,"21":0,"22":0,"23":0,"24":1,"25":0,"26":1,"27":0},"b":{"0":[0,0],"1":[0,0],"2":[0,0],"3":[0,0],"4":[0,0],"5":[0,0],"6":[0,0],"7":[0,0],"8":[0,0],"9":[0,0],"10":[0,0],"11":[0,0],"12":[0,0],"13":[0,0],"14":[0,0],"15":[0,0],"16":[0,0],"17":[0,0],"18":[0,0]},"_coverageSchema":"1a1c01bbd47fc00a2c39e90264f33305004495a9","hash":"10018b16b70a73a76054f96831e1394f0ccc43e0"}
,"C:\\Users\\Hamza\\VS\\SR10\\RecruitSR10\\myapp\\model\\connexion_bd.js": {"path":"C:\\Users\\Hamza\\VS\\SR10\\RecruitSR10\\myapp\\model\\connexion_bd.js","statementMap":{"0":{"start":{"line":1,"column":12},"end":{"line":1,"column":28}},"1":{"start":{"line":2,"column":11},"end":{"line":7,"column":2}},"2":{"start":{"line":8,"column":0},"end":{"line":8,"column":22}}},"fnMap":{},"branchMap":{},"s":{"0":1,"1":1,"2":1},"f":{},"b":{},"_coverageSchema":"1a1c01bbd47fc00a2c39e90264f33305004495a9","hash":"9f8c65161fcd588a98441696502a41e12534bdef"}
}
